mode: set
github.com/uvasoftware/scanii-go/files.go:45.46,46.18 1 1
github.com/uvasoftware/scanii-go/files.go:49.2,49.12 1 1
github.com/uvasoftware/scanii-go/files.go:46.18,48.3 1 0
github.com/uvasoftware/scanii-go/files.go:68.50,69.22 1 0
github.com/uvasoftware/scanii-go/files.go:72.2,72.12 1 0
github.com/uvasoftware/scanii-go/files.go:69.22,71.3 1 0
github.com/uvasoftware/scanii-go/files.go:76.81,78.16 2 0
github.com/uvasoftware/scanii-go/files.go:81.2,84.16 3 0
github.com/uvasoftware/scanii-go/files.go:87.2,90.63 3 0
github.com/uvasoftware/scanii-go/files.go:93.2,93.18 1 0
github.com/uvasoftware/scanii-go/files.go:78.16,80.3 1 0
github.com/uvasoftware/scanii-go/files.go:84.16,86.3 1 0
github.com/uvasoftware/scanii-go/files.go:90.63,92.3 1 0
github.com/uvasoftware/scanii-go/files.go:97.91,102.16 4 1
github.com/uvasoftware/scanii-go/files.go:105.2,106.16 2 1
github.com/uvasoftware/scanii-go/files.go:109.2,109.42 1 1
github.com/uvasoftware/scanii-go/files.go:113.2,113.57 1 1
github.com/uvasoftware/scanii-go/files.go:116.2,116.57 1 1
github.com/uvasoftware/scanii-go/files.go:119.2,119.57 1 1
github.com/uvasoftware/scanii-go/files.go:122.2,122.57 1 1
github.com/uvasoftware/scanii-go/files.go:125.2,128.18 3 1
github.com/uvasoftware/scanii-go/files.go:143.2,145.17 3 1
github.com/uvasoftware/scanii-go/files.go:102.16,104.3 1 0
github.com/uvasoftware/scanii-go/files.go:106.16,108.3 1 0
github.com/uvasoftware/scanii-go/files.go:109.42,111.3 1 0
github.com/uvasoftware/scanii-go/files.go:113.57,115.3 1 0
github.com/uvasoftware/scanii-go/files.go:116.57,118.3 1 0
github.com/uvasoftware/scanii-go/files.go:119.57,121.3 1 0
github.com/uvasoftware/scanii-go/files.go:122.57,124.3 1 0
github.com/uvasoftware/scanii-go/files.go:129.2,131.17 2 0
github.com/uvasoftware/scanii-go/files.go:134.2,136.17 2 1
github.com/uvasoftware/scanii-go/files.go:139.2,140.38 1 0
github.com/uvasoftware/scanii-go/files.go:131.17,133.4 1 0
github.com/uvasoftware/scanii-go/files.go:136.17,138.4 1 0
github.com/uvasoftware/scanii-go/files.go:149.88,150.38 1 1
github.com/uvasoftware/scanii-go/files.go:154.2,155.16 2 1
github.com/uvasoftware/scanii-go/files.go:159.2,160.16 2 1
github.com/uvasoftware/scanii-go/files.go:163.2,166.63 3 1
github.com/uvasoftware/scanii-go/files.go:169.2,169.18 1 1
github.com/uvasoftware/scanii-go/files.go:150.38,152.3 1 0
github.com/uvasoftware/scanii-go/files.go:155.16,157.3 1 0
github.com/uvasoftware/scanii-go/files.go:160.16,162.3 1 0
github.com/uvasoftware/scanii-go/files.go:166.63,168.3 1 0
github.com/uvasoftware/scanii-go/files.go:173.94,174.38 1 0
github.com/uvasoftware/scanii-go/files.go:178.2,179.16 2 0
github.com/uvasoftware/scanii-go/files.go:183.2,184.16 2 0
github.com/uvasoftware/scanii-go/files.go:187.2,190.64 3 0
github.com/uvasoftware/scanii-go/files.go:193.2,193.19 1 0
github.com/uvasoftware/scanii-go/files.go:174.38,176.3 1 0
github.com/uvasoftware/scanii-go/files.go:179.16,181.3 1 0
github.com/uvasoftware/scanii-go/files.go:184.16,186.3 1 0
github.com/uvasoftware/scanii-go/files.go:190.64,192.3 1 0
github.com/uvasoftware/scanii-go/files.go:197.105,198.39 1 0
github.com/uvasoftware/scanii-go/files.go:202.2,208.16 6 0
github.com/uvasoftware/scanii-go/files.go:211.2,215.16 4 0
github.com/uvasoftware/scanii-go/files.go:218.2,221.64 3 0
github.com/uvasoftware/scanii-go/files.go:224.2,224.19 1 0
github.com/uvasoftware/scanii-go/files.go:198.39,200.3 1 0
github.com/uvasoftware/scanii-go/files.go:208.16,210.3 1 0
github.com/uvasoftware/scanii-go/files.go:215.16,217.3 1 0
github.com/uvasoftware/scanii-go/files.go:221.64,223.3 1 0
github.com/uvasoftware/scanii-go/ping.go:15.48,17.16 2 1
github.com/uvasoftware/scanii-go/ping.go:20.2,23.16 3 1
github.com/uvasoftware/scanii-go/ping.go:26.2,29.62 3 1
github.com/uvasoftware/scanii-go/ping.go:32.2,32.17 1 1
github.com/uvasoftware/scanii-go/ping.go:17.16,19.3 1 0
github.com/uvasoftware/scanii-go/ping.go:23.16,25.3 1 0
github.com/uvasoftware/scanii-go/ping.go:29.62,31.3 1 0
github.com/uvasoftware/scanii-go/scanii.go:61.49,75.16 4 1
github.com/uvasoftware/scanii-go/scanii.go:78.2,79.17 2 1
github.com/uvasoftware/scanii-go/scanii.go:85.2,85.15 1 1
github.com/uvasoftware/scanii-go/scanii.go:75.16,77.3 1 0
github.com/uvasoftware/scanii-go/scanii.go:79.17,80.37 1 1
github.com/uvasoftware/scanii-go/scanii.go:83.3,83.16 1 1
github.com/uvasoftware/scanii-go/scanii.go:80.37,82.4 1 0
github.com/uvasoftware/scanii-go/scanii.go:89.34,96.19 4 1
github.com/uvasoftware/scanii-go/scanii.go:99.2,99.15 1 1
github.com/uvasoftware/scanii-go/scanii.go:96.19,98.3 1 0
github.com/uvasoftware/scanii-go/scanii.go:103.36,104.44 1 0
github.com/uvasoftware/scanii-go/scanii.go:107.2,107.23 1 0
github.com/uvasoftware/scanii-go/scanii.go:104.44,106.3 1 0
github.com/uvasoftware/scanii-go/scanii.go:111.33,112.44 1 1
github.com/uvasoftware/scanii-go/scanii.go:115.2,115.14 1 0
github.com/uvasoftware/scanii-go/scanii.go:112.44,114.3 1 1
github.com/uvasoftware/scanii-go/scanii.go:119.48,121.16 2 1
github.com/uvasoftware/scanii-go/scanii.go:124.2,124.16 1 1
github.com/uvasoftware/scanii-go/scanii.go:121.16,123.3 1 0
github.com/uvasoftware/scanii-go/scanii.go:129.34,130.37 1 1
github.com/uvasoftware/scanii-go/scanii.go:133.2,133.12 1 1
github.com/uvasoftware/scanii-go/scanii.go:130.37,132.3 1 0
github.com/uvasoftware/scanii-go/scanii.go:138.101,140.2 1 1
github.com/uvasoftware/scanii-go/auth.go:26.48,28.2 1 0
github.com/uvasoftware/scanii-go/auth.go:31.79,33.16 2 1
github.com/uvasoftware/scanii-go/auth.go:36.2,39.16 3 1
github.com/uvasoftware/scanii-go/auth.go:42.2,45.64 3 1
github.com/uvasoftware/scanii-go/auth.go:48.2,48.19 1 1
github.com/uvasoftware/scanii-go/auth.go:33.16,35.3 1 0
github.com/uvasoftware/scanii-go/auth.go:39.16,41.3 1 0
github.com/uvasoftware/scanii-go/auth.go:45.64,47.3 1 0
github.com/uvasoftware/scanii-go/auth.go:52.72,54.16 2 1
github.com/uvasoftware/scanii-go/auth.go:57.2,61.16 4 1
github.com/uvasoftware/scanii-go/auth.go:64.2,67.64 3 1
github.com/uvasoftware/scanii-go/auth.go:70.2,70.19 1 1
github.com/uvasoftware/scanii-go/auth.go:54.16,56.3 1 0
github.com/uvasoftware/scanii-go/auth.go:61.16,63.3 1 0
github.com/uvasoftware/scanii-go/auth.go:67.64,69.3 1 0
github.com/uvasoftware/scanii-go/auth.go:74.55,76.16 2 1
github.com/uvasoftware/scanii-go/auth.go:79.2,82.16 3 1
github.com/uvasoftware/scanii-go/auth.go:85.2,85.12 1 1
github.com/uvasoftware/scanii-go/auth.go:76.16,78.3 1 0
github.com/uvasoftware/scanii-go/auth.go:82.16,84.3 1 0
